gcc -std=c11 -g -Iinclude  -c src/datasets.c -o objectFiles/datasets.o
gcc -std=c11 -g -Iinclude  -c src/hashtable.c -o objectFiles/hashtable.o
gcc -std=c11 -g -Iinclude  -c src/lsh.c -o objectFiles/lsh.o
gcc -std=c11 -g -Iinclude  -c src/main.c -o objectFiles/main.o
gcc -std=c11 -g -Iinclude  -c src/parseInput.c -o objectFiles/parseInput.o
gcc -std=c11 -g -Iinclude  -c src/query.c -o objectFiles/query.o
gcc -std=c11 -g -Iinclude  -c src/runAlgorithms.c -o objectFiles/runAlgorithms.o
gcc -std=c11 -g -Iinclude  -c src/utils.c -o objectFiles/utils.o
gcc -std=c11 -g -Iinclude  -o search objectFiles/datasets.o objectFiles/hashtable.o objectFiles/lsh.o objectFiles/main.o objectFiles/parseInput.o objectFiles/query.o objectFiles/runAlgorithms.o objectFiles/utils.o -lm
Running algorithm: lsh
./search \
	-d random_2d_points.txt \
	-q query.dat \
	-k 3 -L 20 -w 2 -o output.txt -N 3 -R 3 -type mnist -lsh -range false
Algorithm selected: Dataset loaded: 100 points of dimension 2
LSH
Running LSH with dataset: random_2d_points.txt
!!!!!!!!!!!!!!!! 0.000000, 2.000000
!!!!!!!!!!!!!!!! 0.000000, 2.000000
!!!!!!!!!!!!!!!! 0.000000, 2.000000
Hash function 0: v = (-0.108213, -1.284822), t = 0.079379
Hash function 1: v = (0.177775, 0.270839), t = 1.233457
Hash function 2: v = (0.255177, -0.105485), t = 1.153354
Linear combination 0: (1324331770, 630002168, 2132553020)
Linear combination 1: (244245309, 1037380407, 321210545)
Linear combination 2: (500618441, 1727447225, 1138781560)
Linear combination 3: (1499205962, 1883738850, 118394740)
Linear combination 4: (1288222446, 1859154759, 277114812)
Linear combination 5: (1043564652, 1075975924, 1659373404)
Linear combination 6: (795184469, 670134625, 1942284597)
Linear combination 7: (377447098, 1684405985, 162446728)
Linear combination 8: (462679147, 1184607143, 2110583754)
Linear combination 9: (1787093053, 1084431312, 634390320)
Linear combination 10: (878014295, 261279434, 1264392488)
Linear combination 11: (863083668, 505524743, 154289247)
Linear combination 12: (1184294213, 1006143184, 1881736473)
Linear combination 13: (175592125, 357865499, 1617991675)
Linear combination 14: (293986865, 1646087945, 1329662786)
Linear combination 15: (571101678, 542168949, 258155062)
Linear combination 16: (82991434, 1337353418, 928289687)
Linear combination 17: (2025276032, 1714800516, 465212025)
Linear combination 18: (40239112, 29996015, 1649819168)
Linear combination 19: (3339218, 1817089068, 586766832)
Hash table 0:
 Bucket 0: (9.706349, 80.186005) -> (85.890114, 43.516846) -> (6.978686, 8.692498) -> (60.833389, 22.419180) -> (4.422353, 40.196411) -> (64.799461, 57.591690) -> NULL
 Bucket 1: (76.558723, 12.477660) -> (85.904297, 22.009045) -> (64.081360, 71.919846) -> (71.358589, 78.876099) -> (9.583115, 58.513596) -> (7.875659, 55.780899) -> NULL
 Bucket 2: (22.517841, 86.498535) -> (15.532830, 48.339622) -> NULL
 Bucket 3: (55.936577, 63.808613) -> (30.191603, 38.559883) -> (16.845194, 94.204483) -> (29.588837, 39.586430) -> (18.260565, 61.883415) -> (86.932495, 15.484818) -> (97.365608, 96.664528) -> NULL
 Bucket 4: (0.227929, 29.486397) -> (49.926167, 71.128494) -> (47.342262, 32.457432) -> (58.421398, 5.973094) -> (92.739754, 36.248459) -> (90.529259, 72.755463) -> (26.551155, 86.356117) -> NULL
 Bucket 5: (49.511703, 86.799858) -> (99.948326, 60.992504) -> (15.262548, 88.073509) -> NULL
 Bucket 6: (0.049278, 62.286346) -> (68.021889, 45.585556) -> (74.521599, 90.165993) -> (29.962852, 11.133986) -> (78.102432, 53.358341) -> (55.025345, 35.792591) -> NULL
 Bucket 7: (89.855400, 45.161263) -> (25.171295, 22.399702) -> (34.513199, 67.688057) -> (41.764744, 1.370801) -> (83.073837, 3.885343) -> (89.092484, 11.691098) -> NULL
 Bucket 8: (86.594078, 93.674728) -> (72.032883, 12.604983) -> (36.392334, 84.367775) -> (31.323614, 82.930931) -> (52.056622, 29.058855) -> (52.371574, 64.635017) -> (21.953518, 1.412873) -> NULL
 Bucket 9: (33.869068, 61.682869) -> (95.620987, 12.295122) -> (97.308662, 15.800887) -> NULL
 Bucket 10: (98.113617, 30.267719) -> (99.209175, 65.704575) -> NULL
 Bucket 11: (60.373074, 83.051285) -> (14.251145, 79.029236) -> (67.578934, 53.441727) -> (7.384963, 67.950172) -> (5.414288, 0.577883) -> (55.532837, 47.703728) -> (58.326115, 83.366455) -> NULL
 Bucket 12: (88.950264, 93.199661) -> NULL
 Bucket 13: (0.241051, 96.018410) -> (77.446198, 27.445137) -> (40.090981, 25.646126) -> (25.030283, 84.884415) -> (87.669060, 32.304375) -> (3.875205, 26.472103) -> NULL
 Bucket 14: (73.702530, 37.453388) -> NULL
 Bucket 15: (39.144058, 22.000044) -> (65.847916, 43.535118) -> NULL
 Bucket 16: (29.631952, 99.053207) -> (11.069354, 48.447060) -> (30.044783, 99.553429) -> NULL
 Bucket 17: (19.935020, 71.838692) -> (57.150345, 71.470085) -> (63.830845, 36.868919) -> NULL
 Bucket 18: (57.077354, 49.217590) -> (61.972679, 49.038990) -> (35.494453, 23.574490) -> NULL
 Bucket 19: (47.388779, 90.944305) -> (7.107443, 17.600916) -> (19.247089, 30.040243) -> (86.707565, 16.582924) -> (44.935444, 54.912041) -> NULL
 Bucket 20: (91.844955, 76.605339) -> (31.346014, 93.163559) -> (81.828522, 31.319687) -> (60.451729, 45.666836) -> (83.102554, 30.560362) -> NULL
 Bucket 21: (87.602364, 84.535988) -> NULL
 Bucket 22: (41.889641, 23.015816) -> (15.964983, 35.713051) -> (55.034172, 4.038810) -> NULL
 Bucket 23: (86.268654, 45.965542) -> (52.035011, 15.147263) -> (53.766811, 86.535439) -> (47.284935, 48.905449) -> NULL
 Bucket 24: (7.541388, 62.679089) -> NULL
----------------------------------------------------------------
Hash table 1:
 Bucket 0: (34.513199, 67.688057) -> (41.764744, 1.370801) -> (99.948326, 60.992504) -> (73.702530, 37.453388) -> (55.532837, 47.703728) -> (88.950264, 93.199661) -> NULL
 Bucket 1: (47.342262, 32.457432) -> (19.247089, 30.040243) -> (6.978686, 8.692498) -> (52.371574, 64.635017) -> (4.422353, 40.196411) -> (26.551155, 86.356117) -> NULL
 Bucket 2: (30.191603, 38.559883) -> (31.346014, 93.163559) -> (81.828522, 31.319687) -> (29.588837, 39.586430) -> (11.069354, 48.447060) -> (83.102554, 30.560362) -> NULL
 Bucket 3: (77.446198, 27.445137) -> (86.707565, 16.582924) -> (55.034172, 4.038810) -> (35.494453, 23.574490) -> (21.953518, 1.412873) -> NULL
 Bucket 4: (68.021889, 45.585556) -> (95.620987, 12.295122) -> (7.541388, 62.679089) -> (44.935444, 54.912041) -> NULL
 Bucket 5: (55.936577, 63.808613) -> (85.890114, 43.516846) -> (99.209175, 65.704575) -> NULL
 Bucket 6: (14.251145, 79.029236) -> (57.077354, 49.217590) -> (61.972679, 49.038990) -> (15.262548, 88.073509) -> (7.875659, 55.780899) -> NULL
 Bucket 7: (74.521599, 90.165993) -> (22.517841, 86.498535) -> NULL
 Bucket 8: (19.935020, 71.838692) -> (67.578934, 53.441727) -> (3.875205, 26.472103) -> NULL
 Bucket 9: (52.035011, 15.147263) -> (86.594078, 93.674728) -> (57.150345, 71.470085) -> (63.830845, 36.868919) -> (58.421398, 5.973094) -> (40.090981, 25.646126) -> (15.964983, 35.713051) -> (47.284935, 48.905449) -> NULL
 Bucket 10: (86.268654, 45.965542) -> (0.241051, 96.018410) -> (76.558723, 12.477660) -> (71.358589, 78.876099) -> (60.451729, 45.666836) -> (29.962852, 11.133986) -> (92.739754, 36.248459) -> (83.073837, 3.885343) -> NULL
 Bucket 11: (91.844955, 76.605339) -> (85.904297, 22.009045) -> (33.869068, 61.682869) -> (25.030283, 84.884415) -> (87.669060, 32.304375) -> (18.260565, 61.883415) -> NULL
 Bucket 12: (98.113617, 30.267719) -> (9.706349, 80.186005) -> (64.081360, 71.919846) -> (90.529259, 72.755463) -> NULL
 Bucket 13: (97.308662, 15.800887) -> (39.144058, 22.000044) -> (64.799461, 57.591690) -> (55.025345, 35.792591) -> NULL
 Bucket 14: (78.102432, 53.358341) -> NULL
 Bucket 15: (7.384963, 67.950172) -> NULL
 Bucket 16: (25.171295, 22.399702) -> NULL
 Bucket 17: (36.392334, 84.367775) -> (7.107443, 17.600916) -> NULL
 Bucket 18: (60.373074, 83.051285) -> (49.926167, 71.128494) -> (58.326115, 83.366455) -> NULL
 Bucket 19: (29.631952, 99.053207) -> (41.889641, 23.015816) -> (30.044783, 99.553429) -> NULL
 Bucket 20: (0.049278, 62.286346) -> (89.855400, 45.161263) -> (53.766811, 86.535439) -> (16.845194, 94.204483) -> (60.833389, 22.419180) -> (89.092484, 11.691098) -> NULL
 Bucket 21: (15.532830, 48.339622) -> NULL
 Bucket 22: (47.388779, 90.944305) -> (5.414288, 0.577883) -> (86.932495, 15.484818) -> NULL
 Bucket 23: (49.511703, 86.799858) -> (72.032883, 12.604983) -> (0.227929, 29.486397) -> (65.847916, 43.535118) -> NULL
 Bucket 24: (31.323614, 82.930931) -> (87.602364, 84.535988) -> (52.056622, 29.058855) -> (9.583115, 58.513596) -> (97.365608, 96.664528) -> NULL
----------------------------------------------------------------
Hash table 2:
 Bucket 0: (86.268654, 45.965542) -> (29.631952, 99.053207) -> (0.241051, 96.018410) -> (89.855400, 45.161263) -> (74.521599, 90.165993) -> (63.830845, 36.868919) -> (47.284935, 48.905449) -> (7.875659, 55.780899) -> (30.044783, 99.553429) -> NULL
 Bucket 1: (19.935020, 71.838692) -> (92.739754, 36.248459) -> (99.209175, 65.704575) -> NULL
 Bucket 2: (49.926167, 71.128494) -> (7.107443, 17.600916) -> (35.494453, 23.574490) -> (97.365608, 96.664528) -> NULL
 Bucket 3: (67.578934, 53.441727) -> (6.978686, 8.692498) -> NULL
 Bucket 4: (71.358589, 78.876099) -> (31.323614, 82.930931) -> (15.964983, 35.713051) -> (52.371574, 64.635017) -> (4.422353, 40.196411) -> NULL
 Bucket 5: (25.171295, 22.399702) -> (97.308662, 15.800887) -> NULL
 Bucket 6: (60.373074, 83.051285) -> (57.077354, 49.217590) -> (61.972679, 49.038990) -> (95.620987, 12.295122) -> (41.764744, 1.370801) -> (53.766811, 86.535439) -> (22.517841, 86.498535) -> (65.847916, 43.535118) -> (5.414288, 0.577883) -> (58.326115, 83.366455) -> NULL
 Bucket 7: (91.844955, 76.605339) -> (30.191603, 38.559883) -> (49.511703, 86.799858) -> (15.262548, 88.073509) -> (29.588837, 39.586430) -> NULL
 Bucket 8: (52.035011, 15.147263) -> (0.049278, 62.286346) -> (0.227929, 29.486397) -> (40.090981, 25.646126) -> (86.707565, 16.582924) -> (89.092484, 11.691098) -> (86.932495, 15.484818) -> NULL
 Bucket 9: (33.869068, 61.682869) -> (58.421398, 5.973094) -> (85.890114, 43.516846) -> (11.069354, 48.447060) -> (78.102432, 53.358341) -> NULL
 Bucket 10: (98.113617, 30.267719) -> (9.706349, 80.186005) -> (21.953518, 1.412873) -> NULL
 Bucket 11: (55.936577, 63.808613) -> (76.558723, 12.477660) -> (87.669060, 32.304375) -> (64.799461, 57.591690) -> NULL
 Bucket 12: (72.032883, 12.604983) -> (88.950264, 93.199661) -> NULL
 Bucket 13: (81.828522, 31.319687) -> (73.702530, 37.453388) -> (47.342262, 32.457432) -> (25.030283, 84.884415) -> (52.056622, 29.058855) -> (83.102554, 30.560362) -> (26.551155, 86.356117) -> NULL
 Bucket 14: (7.384963, 67.950172) -> NULL
 Bucket 15: (47.388779, 90.944305) -> (60.451729, 45.666836) -> (29.962852, 11.133986) -> (7.541388, 62.679089) -> (55.532837, 47.703728) -> NULL
 Bucket 16: (64.081360, 71.919846) -> (15.532830, 48.339622) -> NULL
 Bucket 17: (14.251145, 79.029236) -> (57.150345, 71.470085) -> (41.889641, 23.015816) -> (3.875205, 26.472103) -> (39.144058, 22.000044) -> (90.529259, 72.755463) -> NULL
 Bucket 18: (31.346014, 93.163559) -> (99.948326, 60.992504) -> (55.034172, 4.038810) -> NULL
 Bucket 19: (36.392334, 84.367775) -> (55.025345, 35.792591) -> NULL
 Bucket 20: (19.247089, 30.040243) -> (60.833389, 22.419180) -> NULL
 Bucket 21: (83.073837, 3.885343) -> (18.260565, 61.883415) -> NULL
 Bucket 22: (86.594078, 93.674728) -> (68.021889, 45.585556) -> (16.845194, 94.204483) -> NULL
 Bucket 23: (85.904297, 22.009045) -> (77.446198, 27.445137) -> (87.602364, 84.535988) -> NULL
 Bucket 24: (34.513199, 67.688057) -> (9.583115, 58.513596) -> (44.935444, 54.912041) -> NULL
----------------------------------------------------------------
Hash table 3:
 Bucket 0: (19.935020, 71.838692) -> (7.107443, 17.600916) -> (40.090981, 25.646126) -> (15.964983, 35.713051) -> NULL
 Bucket 1: (49.511703, 86.799858) -> (68.021889, 45.585556) -> (0.227929, 29.486397) -> (86.707565, 16.582924) -> (83.073837, 3.885343) -> NULL
 Bucket 2: (33.869068, 61.682869) -> (41.764744, 1.370801) -> (19.247089, 30.040243) -> (16.845194, 94.204483) -> NULL
 Bucket 3: (98.113617, 30.267719) -> (89.092484, 11.691098) -> (44.935444, 54.912041) -> NULL
 Bucket 4: (63.830845, 36.868919) -> (29.962852, 11.133986) -> (92.739754, 36.248459) -> (35.494453, 23.574490) -> NULL
 Bucket 5: (57.077354, 49.217590) -> (61.972679, 49.038990) -> (64.081360, 71.919846) -> (7.384963, 67.950172) -> NULL
 Bucket 6: (60.373074, 83.051285) -> (31.346014, 93.163559) -> (95.620987, 12.295122) -> (15.532830, 48.339622) -> (41.889641, 23.015816) -> (52.371574, 64.635017) -> (58.326115, 83.366455) -> NULL
 Bucket 7: (86.594078, 93.674728) -> (99.948326, 60.992504) -> (22.517841, 86.498535) -> (3.875205, 26.472103) -> (65.847916, 43.535118) -> (4.422353, 40.196411) -> (86.932495, 15.484818) -> NULL
 Bucket 8: (0.049278, 62.286346) -> (89.855400, 45.161263) -> (76.558723, 12.477660) -> (9.706349, 80.186005) -> (77.446198, 27.445137) -> (7.875659, 55.780899) -> NULL
 Bucket 9: (73.702530, 37.453388) -> (88.950264, 93.199661) -> (47.284935, 48.905449) -> NULL
 Bucket 10: (85.904297, 22.009045) -> NULL
 Bucket 11: (86.268654, 45.965542) -> (71.358589, 78.876099) -> (52.056622, 29.058855) -> (7.541388, 62.679089) -> (55.532837, 47.703728) -> NULL
 Bucket 12: (31.323614, 82.930931) -> (97.308662, 15.800887) -> (39.144058, 22.000044) -> NULL
 Bucket 13: (58.421398, 5.973094) -> (11.069354, 48.447060) -> (18.260565, 61.883415) -> NULL
 Bucket 14: (25.171295, 22.399702) -> (74.521599, 90.165993) -> (85.890114, 43.516846) -> (64.799461, 57.591690) -> (55.025345, 35.792591) -> NULL
 Bucket 15: (47.342262, 32.457432) -> NULL
 Bucket 16: (29.631952, 99.053207) -> (0.241051, 96.018410) -> (49.926167, 71.128494) -> (26.551155, 86.356117) -> (30.044783, 99.553429) -> NULL
 Bucket 17: (14.251145, 79.029236) -> (81.828522, 31.319687) -> (60.451729, 45.666836) -> (83.102554, 30.560362) -> NULL
 Bucket 18: (57.150345, 71.470085) -> (36.392334, 84.367775) -> (6.978686, 8.692498) -> (97.365608, 96.664528) -> NULL
 Bucket 19: (87.602364, 84.535988) -> (53.766811, 86.535439) -> (60.833389, 22.419180) -> (78.102432, 53.358341) -> (55.034172, 4.038810) -> NULL
 Bucket 20: (52.035011, 15.147263) -> (30.191603, 38.559883) -> (29.588837, 39.586430) -> (87.669060, 32.304375) -> (21.953518, 1.412873) -> NULL
 Bucket 21: (55.936577, 63.808613) -> (34.513199, 67.688057) -> (72.032883, 12.604983) -> (5.414288, 0.577883) -> NULL
 Bucket 22: (25.030283, 84.884415) -> NULL
 Bucket 23: (47.388779, 90.944305) -> (67.578934, 53.441727) -> (99.209175, 65.704575) -> (9.583115, 58.513596) -> NULL
 Bucket 24: (91.844955, 76.605339) -> (15.262548, 88.073509) -> (90.529259, 72.755463) -> NULL
----------------------------------------------------------------
Hash table 4:
 Bucket 0: (52.035011, 15.147263) -> (0.241051, 96.018410) -> (86.594078, 93.674728) -> (99.209175, 65.704575) -> (18.260565, 61.883415) -> NULL
 Bucket 1: (26.551155, 86.356117) -> NULL
 Bucket 2: (85.904297, 22.009045) -> (7.107443, 17.600916) -> (22.517841, 86.498535) -> (92.739754, 36.248459) -> (97.308662, 15.800887) -> (55.532837, 47.703728) -> (97.365608, 96.664528) -> NULL
 Bucket 3: (89.855400, 45.161263) -> (55.936577, 63.808613) -> (57.150345, 71.470085) -> (71.358589, 78.876099) -> (7.541388, 62.679089) -> NULL
 Bucket 4: (64.081360, 71.919846) -> (41.889641, 23.015816) -> NULL
 Bucket 5: (91.844955, 76.605339) -> (34.513199, 67.688057) -> (74.521599, 90.165993) -> NULL
 Bucket 6: (49.926167, 71.128494) -> (60.833389, 22.419180) -> (86.707565, 16.582924) -> (87.669060, 32.304375) -> (88.950264, 93.199661) -> (55.025345, 35.792591) -> NULL
 Bucket 7: (29.631952, 99.053207) -> (49.511703, 86.799858) -> (68.021889, 45.585556) -> (67.578934, 53.441727) -> (0.227929, 29.486397) -> (36.392334, 84.367775) -> (63.830845, 36.868919) -> (25.030283, 84.884415) -> (78.102432, 53.358341) -> (89.092484, 11.691098) -> (30.044783, 99.553429) -> NULL
 Bucket 8: (31.346014, 93.163559) -> (29.962852, 11.133986) -> NULL
 Bucket 9: (60.373074, 83.051285) -> (15.532830, 48.339622) -> (90.529259, 72.755463) -> (58.326115, 83.366455) -> NULL
 Bucket 10: (0.049278, 62.286346) -> (72.032883, 12.604983) -> (7.384963, 67.950172) -> (39.144058, 22.000044) -> NULL
 Bucket 11: (76.558723, 12.477660) -> (19.935020, 71.838692) -> NULL
 Bucket 12: (57.077354, 49.217590) -> (61.972679, 49.038990) -> (4.422353, 40.196411) -> (44.935444, 54.912041) -> (86.932495, 15.484818) -> NULL
 Bucket 13: (86.268654, 45.965542) -> (25.171295, 22.399702) -> (81.828522, 31.319687) -> (41.764744, 1.370801) -> (15.964983, 35.713051) -> (83.102554, 30.560362) -> (64.799461, 57.591690) -> (7.875659, 55.780899) -> NULL
 Bucket 14: (30.191603, 38.559883) -> (58.421398, 5.973094) -> (53.766811, 86.535439) -> (40.090981, 25.646126) -> (29.588837, 39.586430) -> NULL
 Bucket 15: (33.869068, 61.682869) -> (15.262548, 88.073509) -> NULL
 Bucket 16: (95.620987, 12.295122) -> (6.978686, 8.692498) -> (52.056622, 29.058855) -> (5.414288, 0.577883) -> (83.073837, 3.885343) -> (21.953518, 1.412873) -> NULL
 Bucket 17: (77.446198, 27.445137) -> (60.451729, 45.666836) -> NULL
 Bucket 18: (98.113617, 30.267719) -> (85.890114, 43.516846) -> NULL
 Bucket 19: (47.388779, 90.944305) -> (99.948326, 60.992504) -> (11.069354, 48.447060) -> NULL
 Bucket 20: (14.251145, 79.029236) -> (55.034172, 4.038810) -> NULL
 Bucket 21: (9.706349, 80.186005) -> (31.323614, 82.930931) -> (47.342262, 32.457432) -> (16.845194, 94.204483) -> (47.284935, 48.905449) -> NULL
 Bucket 22: (73.702530, 37.453388) -> (3.875205, 26.472103) -> (65.847916, 43.535118) -> NULL
 Bucket 23: (19.247089, 30.040243) -> (52.371574, 64.635017) -> (35.494453, 23.574490) -> NULL
 Bucket 24: (87.602364, 84.535988) -> (9.583115, 58.513596) -> NULL
----------------------------------------------------------------
Hash table 5:
 Bucket 0: (25.171295, 22.399702) -> (47.342262, 32.457432) -> (78.102432, 53.358341) -> (64.799461, 57.591690) -> NULL
 Bucket 1: (60.833389, 22.419180) -> (7.541388, 62.679089) -> (90.529259, 72.755463) -> NULL
 Bucket 2: (76.558723, 12.477660) -> (72.032883, 12.604983) -> (0.227929, 29.486397) -> (92.739754, 36.248459) -> (7.875659, 55.780899) -> NULL
 Bucket 3: (60.373074, 83.051285) -> (0.241051, 96.018410) -> (98.113617, 30.267719) -> (9.706349, 80.186005) -> (71.358589, 78.876099) -> (15.532830, 48.339622) -> (58.326115, 83.366455) -> NULL
 Bucket 4: (30.191603, 38.559883) -> (68.021889, 45.585556) -> (29.962852, 11.133986) -> (29.588837, 39.586430) -> (55.532837, 47.703728) -> NULL
 Bucket 5: (14.251145, 79.029236) -> (87.669060, 32.304375) -> NULL
 Bucket 6: (57.077354, 49.217590) -> (34.513199, 67.688057) -> (19.935020, 71.838692) -> (61.972679, 49.038990) -> (7.107443, 17.600916) -> (41.889641, 23.015816) -> NULL
 Bucket 7: (52.035011, 15.147263) -> (86.594078, 93.674728) -> (49.511703, 86.799858) -> (85.904297, 22.009045) -> (64.081360, 71.919846) -> (57.150345, 71.470085) -> (31.346014, 93.163559) -> (33.869068, 61.682869) -> NULL
 Bucket 8: (36.392334, 84.367775) -> (74.521599, 90.165993) -> (87.602364, 84.535988) -> (40.090981, 25.646126) -> (19.247089, 30.040243) -> NULL
 Bucket 9: (4.422353, 40.196411) -> NULL
 Bucket 10: (89.855400, 45.161263) -> (95.620987, 12.295122) -> (86.707565, 16.582924) -> (18.260565, 61.883415) -> (21.953518, 1.412873) -> NULL
 Bucket 11: (99.209175, 65.704575) -> (5.414288, 0.577883) -> (55.034172, 4.038810) -> NULL
 Bucket 12: (86.268654, 45.965542) -> NULL
 Bucket 13: (0.049278, 62.286346) -> (55.936577, 63.808613) -> (31.323614, 82.930931) -> (22.517841, 86.498535) -> (25.030283, 84.884415) -> (9.583115, 58.513596) -> (52.371574, 64.635017) -> (97.365608, 96.664528) -> NULL
 Bucket 14: (67.578934, 53.441727) -> (41.764744, 1.370801) -> (53.766811, 86.535439) -> (52.056622, 29.058855) -> NULL
 Bucket 15: (15.262548, 88.073509) -> NULL
 Bucket 16: (47.388779, 90.944305) -> (99.948326, 60.992504) -> (73.702530, 37.453388) -> (3.875205, 26.472103) -> (88.950264, 93.199661) -> NULL
 Bucket 17: (29.631952, 99.053207) -> (81.828522, 31.319687) -> (11.069354, 48.447060) -> (83.102554, 30.560362) -> (83.073837, 3.885343) -> (44.935444, 54.912041) -> (30.044783, 99.553429) -> NULL
 Bucket 18: (60.451729, 45.666836) -> (65.847916, 43.535118) -> NULL
 Bucket 19: (63.830845, 36.868919) -> NULL
 Bucket 20: (77.446198, 27.445137) -> (39.144058, 22.000044) -> (47.284935, 48.905449) -> NULL
 Bucket 21: (97.308662, 15.800887) -> (6.978686, 8.692498) -> (15.964983, 35.713051) -> NULL
 Bucket 22: (58.421398, 5.973094) -> (89.092484, 11.691098) -> (35.494453, 23.574490) -> (55.025345, 35.792591) -> NULL
 Bucket 23: (91.844955, 76.605339) -> (49.926167, 71.128494) -> (16.845194, 94.204483) -> (7.384963, 67.950172) -> NULL
 Bucket 24: (85.890114, 43.516846) -> (86.932495, 15.484818) -> (26.551155, 86.356117) -> NULL
----------------------------------------------------------------
Hash table 6:
 Bucket 0: (67.578934, 53.441727) -> (99.209175, 65.704575) -> (65.847916, 43.535118) -> NULL
 Bucket 1: (76.558723, 12.477660) -> (29.962852, 11.133986) -> (15.532830, 48.339622) -> NULL
 Bucket 2: (64.081360, 71.919846) -> (22.517841, 86.498535) -> NULL
 Bucket 3: (7.107443, 17.600916) -> NULL
 Bucket 4: (71.358589, 78.876099) -> (31.323614, 82.930931) -> NULL
 Bucket 5: (29.631952, 99.053207) -> (87.669060, 32.304375) -> (4.422353, 40.196411) -> (89.092484, 11.691098) -> (30.044783, 99.553429) -> NULL
 Bucket 6: (57.077354, 49.217590) -> (9.706349, 80.186005) -> (61.972679, 49.038990) -> (36.392334, 84.367775) -> (52.371574, 64.635017) -> NULL
 Bucket 7: (91.844955, 76.605339) -> (99.948326, 60.992504) -> (60.451729, 45.666836) -> (52.056622, 29.058855) -> (3.875205, 26.472103) -> (26.551155, 86.356117) -> NULL
 Bucket 8: (6.978686, 8.692498) -> (86.932495, 15.484818) -> (55.025345, 35.792591) -> NULL
 Bucket 9: (85.904297, 22.009045) -> (19.935020, 71.838692) -> (19.247089, 30.040243) -> (64.799461, 57.591690) -> NULL
 Bucket 10: (33.869068, 61.682869) -> (47.342262, 32.457432) -> (58.421398, 5.973094) -> (40.090981, 25.646126) -> (60.833389, 22.419180) -> (7.875659, 55.780899) -> (97.365608, 96.664528) -> NULL
 Bucket 11: (89.855400, 45.161263) -> (14.251145, 79.029236) -> (34.513199, 67.688057) -> (72.032883, 12.604983) -> (7.541388, 62.679089) -> (39.144058, 22.000044) -> (5.414288, 0.577883) -> (47.284935, 48.905449) -> NULL
 Bucket 12: (0.241051, 96.018410) -> (57.150345, 71.470085) -> (68.021889, 45.585556) -> (9.583115, 58.513596) -> (88.950264, 93.199661) -> NULL
 Bucket 13: (86.594078, 93.674728) -> (81.828522, 31.319687) -> (49.926167, 71.128494) -> (83.102554, 30.560362) -> NULL
 Bucket 14: (52.035011, 15.147263) -> NULL
 Bucket 15: (47.388779, 90.944305) -> (73.702530, 37.453388) -> (63.830845, 36.868919) -> (15.262548, 88.073509) -> (85.890114, 43.516846) -> (15.964983, 35.713051) -> NULL
 Bucket 16: (16.845194, 94.204483) -> (7.384963, 67.950172) -> (44.935444, 54.912041) -> NULL
 Bucket 17: (98.113617, 30.267719) -> (25.171295, 22.399702) -> (30.191603, 38.559883) -> (41.764744, 1.370801) -> (29.588837, 39.586430) -> NULL
 Bucket 18: (60.373074, 83.051285) -> (49.511703, 86.799858) -> (90.529259, 72.755463) -> (58.326115, 83.366455) -> NULL
 Bucket 19: (0.049278, 62.286346) -> (0.227929, 29.486397) -> (74.521599, 90.165993) -> (92.739754, 36.248459) -> (18.260565, 61.883415) -> (55.532837, 47.703728) -> NULL
 Bucket 20: (25.030283, 84.884415) -> (86.707565, 16.582924) -> (78.102432, 53.358341) -> NULL
 Bucket 21: (87.602364, 84.535988) -> (53.766811, 86.535439) -> (11.069354, 48.447060) -> NULL
 Bucket 22: (95.620987, 12.295122) -> (83.073837, 3.885343) -> NULL
 Bucket 23: (86.268654, 45.965542) -> (31.346014, 93.163559) -> (41.889641, 23.015816) -> (55.034172, 4.038810) -> (21.953518, 1.412873) -> NULL
 Bucket 24: (55.936577, 63.808613) -> (77.446198, 27.445137) -> (97.308662, 15.800887) -> (35.494453, 23.574490) -> NULL
----------------------------------------------------------------
Hash table 7:
 Bucket 0: (76.558723, 12.477660) -> (34.513199, 67.688057) -> (58.421398, 5.973094) -> (53.766811, 86.535439) -> (40.090981, 25.646126) -> NULL
 Bucket 1: (55.936577, 63.808613) -> (67.578934, 53.441727) -> (22.517841, 86.498535) -> NULL
 Bucket 2: (74.521599, 90.165993) -> (92.739754, 36.248459) -> (97.308662, 15.800887) -> (18.260565, 61.883415) -> (97.365608, 96.664528) -> NULL
 Bucket 3: (86.594078, 93.674728) -> (95.620987, 12.295122) -> (7.384963, 67.950172) -> (11.069354, 48.447060) -> (55.034172, 4.038810) -> (90.529259, 72.755463) -> NULL
 Bucket 4: (60.373074, 83.051285) -> (49.926167, 71.128494) -> (47.342262, 32.457432) -> (16.845194, 94.204483) -> (58.326115, 83.366455) -> NULL
 Bucket 5: (29.631952, 99.053207) -> (47.388779, 90.944305) -> (63.830845, 36.868919) -> (30.044783, 99.553429) -> NULL
 Bucket 6: (85.904297, 22.009045) -> (99.948326, 60.992504) -> (85.890114, 43.516846) -> (87.669060, 32.304375) -> (15.964983, 35.713051) -> (88.950264, 93.199661) -> (7.875659, 55.780899) -> (26.551155, 86.356117) -> NULL
 Bucket 7: (19.935020, 71.838692) -> (57.150345, 71.470085) -> (33.869068, 61.682869) -> NULL
 Bucket 8: (9.706349, 80.186005) -> (4.422353, 40.196411) -> (64.799461, 57.591690) -> NULL
 Bucket 9: (36.392334, 84.367775) -> (3.875205, 26.472103) -> (52.371574, 64.635017) -> (35.494453, 23.574490) -> NULL
 Bucket 10: (31.346014, 93.163559) -> (73.702530, 37.453388) -> (31.323614, 82.930931) -> (29.962852, 11.133986) -> (86.707565, 16.582924) -> NULL
 Bucket 11: (49.511703, 86.799858) -> (68.021889, 45.585556) -> (15.262548, 88.073509) -> (7.107443, 17.600916) -> (87.602364, 84.535988) -> (83.073837, 3.885343) -> NULL
 Bucket 12: (0.241051, 96.018410) -> (98.113617, 30.267719) -> (41.764744, 1.370801) -> (41.889641, 23.015816) -> NULL
 Bucket 13: (0.049278, 62.286346) -> (71.358589, 78.876099) -> (19.247089, 30.040243) -> (99.209175, 65.704575) -> (86.932495, 15.484818) -> NULL
 Bucket 14: (52.035011, 15.147263) -> (65.847916, 43.535118) -> (9.583115, 58.513596) -> NULL
 Bucket 15: (39.144058, 22.000044) -> NULL
 Bucket 16: (86.268654, 45.965542) -> (57.077354, 49.217590) -> (61.972679, 49.038990) -> (5.414288, 0.577883) -> (47.284935, 48.905449) -> NULL
 Bucket 17: (15.532830, 48.339622) -> (78.102432, 53.358341) -> (89.092484, 11.691098) -> (55.025345, 35.792591) -> NULL
 Bucket 18: (64.081360, 71.919846) -> (25.030283, 84.884415) -> (21.953518, 1.412873) -> NULL
 Bucket 19: (89.855400, 45.161263) -> (30.191603, 38.559883) -> (29.588837, 39.586430) -> (55.532837, 47.703728) -> NULL
 Bucket 20: (81.828522, 31.319687) -> (83.102554, 30.560362) -> (44.935444, 54.912041) -> NULL
 Bucket 21: (25.171295, 22.399702) -> NULL
 Bucket 22: (14.251145, 79.029236) -> (0.227929, 29.486397) -> (60.451729, 45.666836) -> (6.978686, 8.692498) -> NULL
 Bucket 23: (72.032883, 12.604983) -> (60.833389, 22.419180) -> NULL
 Bucket 24: (91.844955, 76.605339) -> (77.446198, 27.445137) -> (52.056622, 29.058855) -> (7.541388, 62.679089) -> NULL
----------------------------------------------------------------
Hash table 8:
 Bucket 0: (60.373074, 83.051285) -> (25.171295, 22.399702) -> (77.446198, 27.445137) -> (15.262548, 88.073509) -> (92.739754, 36.248459) -> (55.034172, 4.038810) -> (58.326115, 83.366455) -> (26.551155, 86.356117) -> NULL
 Bucket 1: (86.268654, 45.965542) -> (97.365608, 96.664528) -> NULL
 Bucket 2: (29.631952, 99.053207) -> (53.766811, 86.535439) -> (11.069354, 48.447060) -> (89.092484, 11.691098) -> (30.044783, 99.553429) -> NULL
 Bucket 3: (85.904297, 22.009045) -> (52.371574, 64.635017) -> NULL
 Bucket 4: (64.081360, 71.919846) -> (58.421398, 5.973094) -> (18.260565, 61.883415) -> (86.932495, 15.484818) -> NULL
 Bucket 5: (55.936577, 63.808613) -> (41.764744, 1.370801) -> (87.669060, 32.304375) -> (21.953518, 1.412873) -> NULL
 Bucket 6: (7.541388, 62.679089) -> (83.073837, 3.885343) -> (88.950264, 93.199661) -> NULL
 Bucket 7: (74.521599, 90.165993) -> (31.323614, 82.930931) -> (9.583115, 58.513596) -> (7.875659, 55.780899) -> NULL
 Bucket 8: (86.594078, 93.674728) -> (57.150345, 71.470085) -> (15.532830, 48.339622) -> (86.707565, 16.582924) -> (64.799461, 57.591690) -> NULL
 Bucket 9: (44.935444, 54.912041) -> NULL
 Bucket 10: (49.511703, 86.799858) -> (49.926167, 71.128494) -> (47.342262, 32.457432) -> (60.451729, 45.666836) -> (15.964983, 35.713051) -> (99.209175, 65.704575) -> NULL
 Bucket 11: (34.513199, 67.688057) -> (72.032883, 12.604983) -> (87.602364, 84.535988) -> (90.529259, 72.755463) -> NULL
 Bucket 12: (33.869068, 61.682869) -> (95.620987, 12.295122) -> (97.308662, 15.800887) -> (65.847916, 43.535118) -> NULL
 Bucket 13: (71.358589, 78.876099) -> (63.830845, 36.868919) -> (7.107443, 17.600916) -> (19.247089, 30.040243) -> NULL
 Bucket 14: (3.875205, 26.472103) -> (55.532837, 47.703728) -> NULL
 Bucket 15: (91.844955, 76.605339) -> NULL
 Bucket 16: (68.021889, 45.585556) -> (39.144058, 22.000044) -> (4.422353, 40.196411) -> (47.284935, 48.905449) -> (55.025345, 35.792591) -> NULL
 Bucket 17: (52.056622, 29.058855) -> NULL
 Bucket 18: (57.077354, 49.217590) -> (30.191603, 38.559883) -> (9.706349, 80.186005) -> (61.972679, 49.038990) -> (0.227929, 29.486397) -> (85.890114, 43.516846) -> (29.588837, 39.586430) -> (5.414288, 0.577883) -> NULL
 Bucket 19: (67.578934, 53.441727) -> (22.517841, 86.498535) -> NULL
 Bucket 20: (0.241051, 96.018410) -> (47.388779, 90.944305) -> (31.346014, 93.163559) -> (81.828522, 31.319687) -> (29.962852, 11.133986) -> (41.889641, 23.015816) -> (83.102554, 30.560362) -> NULL
 Bucket 21: (52.035011, 15.147263) -> (0.049278, 62.286346) -> (99.948326, 60.992504) -> (73.702530, 37.453388) -> (25.030283, 84.884415) -> (6.978686, 8.692498) -> (78.102432, 53.358341) -> NULL
 Bucket 22: (89.855400, 45.161263) -> (60.833389, 22.419180) -> (35.494453, 23.574490) -> NULL
 Bucket 23: (76.558723, 12.477660) -> (19.935020, 71.838692) -> (36.392334, 84.367775) -> NULL
 Bucket 24: (14.251145, 79.029236) -> (98.113617, 30.267719) -> (40.090981, 25.646126) -> (16.845194, 94.204483) -> (7.384963, 67.950172) -> NULL
----------------------------------------------------------------
Hash table 9:
 Bucket 0: (55.936577, 63.808613) -> (87.602364, 84.535988) -> (53.766811, 86.535439) -> (7.384963, 67.950172) -> (55.034172, 4.038810) -> NULL
 Bucket 1: (19.935020, 71.838692) -> NULL
 Bucket 2: (52.035011, 15.147263) -> (14.251145, 79.029236) -> (64.081360, 71.919846) -> (63.830845, 36.868919) -> NULL
 Bucket 3: (31.323614, 82.930931) -> (97.308662, 15.800887) -> (86.707565, 16.582924) -> (11.069354, 48.447060) -> NULL
 Bucket 4: (60.373074, 83.051285) -> (86.268654, 45.965542) -> (57.077354, 49.217590) -> (85.904297, 22.009045) -> (61.972679, 49.038990) -> (58.326115, 83.366455) -> NULL
 Bucket 5: (0.241051, 96.018410) -> (16.845194, 94.204483) -> (15.964983, 35.713051) -> (5.414288, 0.577883) -> (9.583115, 58.513596) -> (44.935444, 54.912041) -> (86.932495, 15.484818) -> NULL
 Bucket 6: (30.191603, 38.559883) -> (41.764744, 1.370801) -> (29.588837, 39.586430) -> (64.799461, 57.591690) -> (55.025345, 35.792591) -> NULL
 Bucket 7: (34.513199, 67.688057) -> (77.446198, 27.445137) -> (99.948326, 60.992504) -> (58.421398, 5.973094) -> (52.056622, 29.058855) -> NULL
 Bucket 8: (98.113617, 30.267719) -> (68.021889, 45.585556) -> (81.828522, 31.319687) -> (49.926167, 71.128494) -> (87.669060, 32.304375) -> (83.102554, 30.560362) -> (4.422353, 40.196411) -> NULL
 Bucket 9: (76.558723, 12.477660) -> (9.706349, 80.186005) -> (95.620987, 12.295122) -> (73.702530, 37.453388) -> (92.739754, 36.248459) -> (89.092484, 11.691098) -> NULL
 Bucket 10: (0.049278, 62.286346) -> (71.358589, 78.876099) -> (7.541388, 62.679089) -> (3.875205, 26.472103) -> (39.144058, 22.000044) -> (65.847916, 43.535118) -> (35.494453, 23.574490) -> NULL
 Bucket 11: (49.511703, 86.799858) -> (19.247089, 30.040243) -> (7.875659, 55.780899) -> NULL
 Bucket 12: (47.388779, 90.944305) -> (78.102432, 53.358341) -> NULL
 Bucket 13: (29.631952, 99.053207) -> (86.594078, 93.674728) -> (30.044783, 99.553429) -> NULL
 Bucket 14: (83.073837, 3.885343) -> (52.371574, 64.635017) -> NULL
 Bucket 15: (57.150345, 71.470085) -> (7.107443, 17.600916) -> (60.451729, 45.666836) -> (85.890114, 43.516846) -> (99.209175, 65.704575) -> (47.284935, 48.905449) -> (26.551155, 86.356117) -> NULL
 Bucket 16: (90.529259, 72.755463) -> NULL
 Bucket 17: (91.844955, 76.605339) -> (0.227929, 29.486397) -> (25.030283, 84.884415) -> (41.889641, 23.015816) -> (18.260565, 61.883415) -> NULL
 Bucket 18: NULL
 Bucket 19: (31.346014, 93.163559) -> (74.521599, 90.165993) -> (47.342262, 32.457432) -> (21.953518, 1.412873) -> NULL
 Bucket 20: (6.978686, 8.692498) -> (88.950264, 93.199661) -> NULL
 Bucket 21: (29.962852, 11.133986) -> (15.532830, 48.339622) -> (97.365608, 96.664528) -> NULL
 Bucket 22: (89.855400, 45.161263) -> (72.032883, 12.604983) -> (36.392334, 84.367775) -> (15.262548, 88.073509) -> (22.517841, 86.498535) -> (55.532837, 47.703728) -> NULL
 Bucket 23: (25.171295, 22.399702) -> (67.578934, 53.441727) -> NULL
 Bucket 24: (33.869068, 61.682869) -> (40.090981, 25.646126) -> (60.833389, 22.419180) -> NULL
----------------------------------------------------------------
Hash table 10:
 Bucket 0: (57.150345, 71.470085) -> (31.346014, 93.163559) -> (25.030283, 84.884415) -> (55.532837, 47.703728) -> NULL
 Bucket 1: (60.451729, 45.666836) -> (15.532830, 48.339622) -> (90.529259, 72.755463) -> (35.494453, 23.574490) -> NULL
 Bucket 2: (19.935020, 71.838692) -> (87.602364, 84.535988) -> (97.308662, 15.800887) -> (55.025345, 35.792591) -> NULL
 Bucket 3: (60.373074, 83.051285) -> (0.049278, 62.286346) -> (30.191603, 38.559883) -> (33.869068, 61.682869) -> (99.948326, 60.992504) -> (29.588837, 39.586430) -> (18.260565, 61.883415) -> (58.326115, 83.366455) -> (47.284935, 48.905449) -> NULL
 Bucket 4: (49.511703, 86.799858) -> (77.446198, 27.445137) -> (83.073837, 3.885343) -> NULL
 Bucket 5: (29.631952, 99.053207) -> (0.241051, 96.018410) -> (36.392334, 84.367775) -> (7.107443, 17.600916) -> (4.422353, 40.196411) -> (30.044783, 99.553429) -> NULL
 Bucket 6: (41.764744, 1.370801) -> (73.702530, 37.453388) -> (63.830845, 36.868919) -> (15.262548, 88.073509) -> (58.421398, 5.973094) -> (7.541388, 62.679089) -> (11.069354, 48.447060) -> NULL
 Bucket 7: (76.558723, 12.477660) -> (0.227929, 29.486397) -> (78.102432, 53.358341) -> (55.034172, 4.038810) -> NULL
 Bucket 8: (19.247089, 30.040243) -> (3.875205, 26.472103) -> (26.551155, 86.356117) -> NULL
 Bucket 9: (52.035011, 15.147263) -> (91.844955, 76.605339) -> NULL
 Bucket 10: (55.936577, 63.808613) -> (34.513199, 67.688057) -> (64.081360, 71.919846) -> (74.521599, 90.165993) -> (86.707565, 16.582924) -> NULL
 Bucket 11: (67.578934, 53.441727) -> (71.358589, 78.876099) -> (6.978686, 8.692498) -> (52.056622, 29.058855) -> (86.932495, 15.484818) -> (97.365608, 96.664528) -> NULL
 Bucket 12: (14.251145, 79.029236) -> (81.828522, 31.319687) -> (83.102554, 30.560362) -> NULL
 Bucket 13: (98.113617, 30.267719) -> (25.171295, 22.399702) -> (22.517841, 86.498535) -> (65.847916, 43.535118) -> NULL
 Bucket 14: (52.371574, 64.635017) -> NULL
 Bucket 15: (53.766811, 86.535439) -> (87.669060, 32.304375) -> (44.935444, 54.912041) -> (7.875659, 55.780899) -> NULL
 Bucket 16: (99.209175, 65.704575) -> NULL
 Bucket 17: (86.268654, 45.965542) -> (9.706349, 80.186005) -> NULL
 Bucket 18: (89.855400, 45.161263) -> (85.904297, 22.009045) -> (47.388779, 90.944305) -> (95.620987, 12.295122) -> (7.384963, 67.950172) -> NULL
 Bucket 19: (49.926167, 71.128494) -> (85.890114, 43.516846) -> (15.964983, 35.713051) -> (88.950264, 93.199661) -> NULL
 Bucket 20: (29.962852, 11.133986) -> (21.953518, 1.412873) -> NULL
 Bucket 21: (68.021889, 45.585556) -> (31.323614, 82.930931) -> (60.833389, 22.419180) -> (5.414288, 0.577883) -> NULL
 Bucket 22: (86.594078, 93.674728) -> (72.032883, 12.604983) -> (40.090981, 25.646126) -> (16.845194, 94.204483) -> NULL
 Bucket 23: (47.342262, 32.457432) -> (92.739754, 36.248459) -> (41.889641, 23.015816) -> NULL
 Bucket 24: (57.077354, 49.217590) -> (61.972679, 49.038990) -> (39.144058, 22.000044) -> (9.583115, 58.513596) -> (64.799461, 57.591690) -> (89.092484, 11.691098) -> NULL
----------------------------------------------------------------
Hash table 11:
 Bucket 0: (76.558723, 12.477660) -> (7.384963, 67.950172) -> (86.707565, 16.582924) -> (5.414288, 0.577883) -> (55.025345, 35.792591) -> NULL
 Bucket 1: (95.620987, 12.295122) -> (15.262548, 88.073509) -> (92.739754, 36.248459) -> (40.090981, 25.646126) -> (35.494453, 23.574490) -> NULL
 Bucket 2: (91.844955, 76.605339) -> (47.388779, 90.944305) -> (57.150345, 71.470085) -> (15.964983, 35.713051) -> (83.073837, 3.885343) -> (9.583115, 58.513596) -> NULL
 Bucket 3: (14.251145, 79.029236) -> (29.962852, 11.133986) -> (52.371574, 64.635017) -> NULL
 Bucket 4: (29.631952, 99.053207) -> (73.702530, 37.453388) -> (30.044783, 99.553429) -> (21.953518, 1.412873) -> NULL
 Bucket 5: (41.764744, 1.370801) -> (87.602364, 84.535988) -> (55.034172, 4.038810) -> (4.422353, 40.196411) -> NULL
 Bucket 6: (64.081360, 71.919846) -> (87.669060, 32.304375) -> (55.532837, 47.703728) -> NULL
 Bucket 7: (9.706349, 80.186005) -> (36.392334, 84.367775) -> (53.766811, 86.535439) -> (25.030283, 84.884415) -> (90.529259, 72.755463) -> (97.365608, 96.664528) -> NULL
 Bucket 8: (63.830845, 36.868919) -> (47.342262, 32.457432) -> (85.890114, 43.516846) -> NULL
 Bucket 9: (25.171295, 22.399702) -> (7.107443, 17.600916) -> NULL
 Bucket 10: (49.926167, 71.128494) -> (22.517841, 86.498535) -> (39.144058, 22.000044) -> (18.260565, 61.883415) -> NULL
 Bucket 11: (49.511703, 86.799858) -> (6.978686, 8.692498) -> (65.847916, 43.535118) -> NULL
 Bucket 12: (60.373074, 83.051285) -> (88.950264, 93.199661) -> (58.326115, 83.366455) -> NULL
 Bucket 13: (58.421398, 5.973094) -> (97.308662, 15.800887) -> (16.845194, 94.204483) -> (52.056622, 29.058855) -> (64.799461, 57.591690) -> NULL
 Bucket 14: (0.049278, 62.286346) -> (57.077354, 49.217590) -> (61.972679, 49.038990) -> (67.578934, 53.441727) -> (78.102432, 53.358341) -> (47.284935, 48.905449) -> NULL
 Bucket 15: (98.113617, 30.267719) -> (33.869068, 61.682869) -> (7.875659, 55.780899) -> (26.551155, 86.356117) -> NULL
 Bucket 16: (0.241051, 96.018410) -> (89.855400, 45.161263) -> (55.936577, 63.808613) -> (3.875205, 26.472103) -> NULL
 Bucket 17: (19.935020, 71.838692) -> (15.532830, 48.339622) -> (86.932495, 15.484818) -> NULL
 Bucket 18: (34.513199, 67.688057) -> (81.828522, 31.319687) -> (41.889641, 23.015816) -> (7.541388, 62.679089) -> (83.102554, 30.560362) -> NULL
 Bucket 19: (30.191603, 38.559883) -> (68.021889, 45.585556) -> (29.588837, 39.586430) -> NULL
 Bucket 20: (52.035011, 15.147263) -> (86.594078, 93.674728) -> (85.904297, 22.009045) -> (74.521599, 90.165993) -> (31.323614, 82.930931) -> NULL
 Bucket 21: (72.032883, 12.604983) -> (11.069354, 48.447060) -> (99.209175, 65.704575) -> (44.935444, 54.912041) -> NULL
 Bucket 22: (31.346014, 93.163559) -> (71.358589, 78.876099) -> (99.948326, 60.992504) -> (89.092484, 11.691098) -> NULL
 Bucket 23: (77.446198, 27.445137) -> (60.451729, 45.666836) -> (60.833389, 22.419180) -> NULL
 Bucket 24: (86.268654, 45.965542) -> (0.227929, 29.486397) -> (19.247089, 30.040243) -> NULL
----------------------------------------------------------------
Hash table 12:
 Bucket 0: (76.558723, 12.477660) -> (47.388779, 90.944305) -> (29.962852, 11.133986) -> (19.247089, 30.040243) -> (7.384963, 67.950172) -> (78.102432, 53.358341) -> (83.073837, 3.885343) -> (9.583115, 58.513596) -> NULL
 Bucket 1: (34.513199, 67.688057) -> (74.521599, 90.165993) -> (60.833389, 22.419180) -> (7.875659, 55.780899) -> NULL
 Bucket 2: (71.358589, 78.876099) -> (53.766811, 86.535439) -> (64.799461, 57.591690) -> (47.284935, 48.905449) -> NULL
 Bucket 3: (63.830845, 36.868919) -> (7.541388, 62.679089) -> (55.532837, 47.703728) -> NULL
 Bucket 4: (60.373074, 83.051285) -> (86.268654, 45.965542) -> (92.739754, 36.248459) -> (99.209175, 65.704575) -> (18.260565, 61.883415) -> (58.326115, 83.366455) -> (86.932495, 15.484818) -> NULL
 Bucket 5: (29.631952, 99.053207) -> (55.936577, 63.808613) -> (39.144058, 22.000044) -> (65.847916, 43.535118) -> (90.529259, 72.755463) -> (30.044783, 99.553429) -> NULL
 Bucket 6: (30.191603, 38.559883) -> (85.904297, 22.009045) -> (72.032883, 12.604983) -> (81.828522, 31.319687) -> (7.107443, 17.600916) -> (6.978686, 8.692498) -> (29.588837, 39.586430) -> (3.875205, 26.472103) -> (83.102554, 30.560362) -> (89.092484, 11.691098) -> NULL
 Bucket 7: (22.517841, 86.498535) -> NULL
 Bucket 8: (40.090981, 25.646126) -> (97.365608, 96.664528) -> NULL
 Bucket 9: (52.035011, 15.147263) -> (0.049278, 62.286346) -> (77.446198, 27.445137) -> (58.421398, 5.973094) -> (86.707565, 16.582924) -> NULL
 Bucket 10: (86.594078, 93.674728) -> (67.578934, 53.441727) -> (85.890114, 43.516846) -> NULL
 Bucket 11: (0.227929, 29.486397) -> (11.069354, 48.447060) -> NULL
 Bucket 12: (98.113617, 30.267719) -> (99.948326, 60.992504) -> (15.964983, 35.713051) -> (26.551155, 86.356117) -> NULL
 Bucket 13: (36.392334, 84.367775) -> NULL
 Bucket 14: (25.171295, 22.399702) -> (31.323614, 82.930931) -> (60.451729, 45.666836) -> (52.371574, 64.635017) -> NULL
 Bucket 15: (89.855400, 45.161263) -> (9.706349, 80.186005) -> (64.081360, 71.919846) -> (41.764744, 1.370801) -> (97.308662, 15.800887) -> (5.414288, 0.577883) -> (4.422353, 40.196411) -> (21.953518, 1.412873) -> NULL
 Bucket 16: (0.241051, 96.018410) -> (95.620987, 12.295122) -> (15.532830, 48.339622) -> (87.669060, 32.304375) -> NULL
 Bucket 17: (57.077354, 49.217590) -> (61.972679, 49.038990) -> NULL
 Bucket 18: (91.844955, 76.605339) -> (35.494453, 23.574490) -> NULL
 Bucket 19: (19.935020, 71.838692) -> (68.021889, 45.585556) -> (41.889641, 23.015816) -> NULL
 Bucket 20: (14.251145, 79.029236) -> (49.926167, 71.128494) -> (15.262548, 88.073509) -> (47.342262, 32.457432) -> (55.034172, 4.038810) -> (88.950264, 93.199661) -> NULL
 Bucket 21: (57.150345, 71.470085) -> NULL
 Bucket 22: (49.511703, 86.799858) -> (16.845194, 94.204483) -> (52.056622, 29.058855) -> NULL
 Bucket 23: (73.702530, 37.453388) -> (25.030283, 84.884415) -> NULL
 Bucket 24: (31.346014, 93.163559) -> (33.869068, 61.682869) -> (87.602364, 84.535988) -> (44.935444, 54.912041) -> (55.025345, 35.792591) -> NULL
----------------------------------------------------------------
Hash table 13:
 Bucket 0: (0.227929, 29.486397) -> (74.521599, 90.165993) -> (65.847916, 43.535118) -> (18.260565, 61.883415) -> NULL
 Bucket 1: (71.358589, 78.876099) -> (25.030283, 84.884415) -> (78.102432, 53.358341) -> NULL
 Bucket 2: (0.049278, 62.286346) -> (85.904297, 22.009045) -> (88.950264, 93.199661) -> NULL
 Bucket 3: (47.342262, 32.457432) -> NULL
 Bucket 4: (86.268654, 45.965542) -> (64.081360, 71.919846) -> (86.707565, 16.582924) -> (11.069354, 48.447060) -> (39.144058, 22.000044) -> (21.953518, 1.412873) -> NULL
 Bucket 5: (57.077354, 49.217590) -> (49.511703, 86.799858) -> (61.972679, 49.038990) -> (35.494453, 23.574490) -> NULL
 Bucket 6: (31.346014, 93.163559) -> (15.532830, 48.339622) -> (3.875205, 26.472103) -> (7.875659, 55.780899) -> NULL
 Bucket 7: (29.631952, 99.053207) -> (14.251145, 79.029236) -> (47.388779, 90.944305) -> (6.978686, 8.692498) -> (7.541388, 62.679089) -> (52.371574, 64.635017) -> (30.044783, 99.553429) -> NULL
 Bucket 8: (19.247089, 30.040243) -> (99.209175, 65.704575) -> (83.073837, 3.885343) -> (44.935444, 54.912041) -> NULL
 Bucket 9: (86.594078, 93.674728) -> (41.764744, 1.370801) -> (31.323614, 82.930931) -> (29.962852, 11.133986) -> (22.517841, 86.498535) -> (97.365608, 96.664528) -> (55.025345, 35.792591) -> NULL
 Bucket 10: (60.373074, 83.051285) -> (89.855400, 45.161263) -> (72.032883, 12.604983) -> (57.150345, 71.470085) -> (15.262548, 88.073509) -> (9.583115, 58.513596) -> (64.799461, 57.591690) -> (58.326115, 83.366455) -> (86.932495, 15.484818) -> NULL
 Bucket 11: (58.421398, 5.973094) -> (16.845194, 94.204483) -> (60.833389, 22.419180) -> (55.532837, 47.703728) -> NULL
 Bucket 12: (99.948326, 60.992504) -> (5.414288, 0.577883) -> NULL
 Bucket 13: (36.392334, 84.367775) -> (15.964983, 35.713051) -> NULL
 Bucket 14: (91.844955, 76.605339) -> (67.578934, 53.441727) -> (33.869068, 61.682869) -> (81.828522, 31.319687) -> (83.102554, 30.560362) -> NULL
 Bucket 15: (55.936577, 63.808613) -> (25.171295, 22.399702) -> (30.191603, 38.559883) -> (34.513199, 67.688057) -> (29.588837, 39.586430) -> (89.092484, 11.691098) -> NULL
 Bucket 16: (0.241051, 96.018410) -> (77.446198, 27.445137) -> (87.602364, 84.535988) -> (85.890114, 43.516846) -> (90.529259, 72.755463) -> NULL
 Bucket 17: (49.926167, 71.128494) -> (60.451729, 45.666836) -> (92.739754, 36.248459) -> (40.090981, 25.646126) -> (52.056622, 29.058855) -> (55.034172, 4.038810) -> NULL
 Bucket 18: (98.113617, 30.267719) -> (4.422353, 40.196411) -> (47.284935, 48.905449) -> NULL
 Bucket 19: (68.021889, 45.585556) -> (7.107443, 17.600916) -> (87.669060, 32.304375) -> NULL
 Bucket 20: (76.558723, 12.477660) -> (95.620987, 12.295122) -> (26.551155, 86.356117) -> NULL
 Bucket 21: (9.706349, 80.186005) -> (53.766811, 86.535439) -> NULL
 Bucket 22: (73.702530, 37.453388) -> (7.384963, 67.950172) -> NULL
 Bucket 23: (52.035011, 15.147263) -> (41.889641, 23.015816) -> NULL
 Bucket 24: (19.935020, 71.838692) -> (63.830845, 36.868919) -> (97.308662, 15.800887) -> NULL
----------------------------------------------------------------
Hash table 14:
 Bucket 0: (29.631952, 99.053207) -> (86.594078, 93.674728) -> (25.171295, 22.399702) -> (57.150345, 71.470085) -> (31.323614, 82.930931) -> (99.209175, 65.704575) -> (9.583115, 58.513596) -> (44.935444, 54.912041) -> (30.044783, 99.553429) -> NULL
 Bucket 1: (9.706349, 80.186005) -> (36.392334, 84.367775) -> (63.830845, 36.868919) -> (85.890114, 43.516846) -> (22.517841, 86.498535) -> (78.102432, 53.358341) -> (47.284935, 48.905449) -> NULL
 Bucket 2: (52.035011, 15.147263) -> (92.739754, 36.248459) -> (40.090981, 25.646126) -> (83.073837, 3.885343) -> (64.799461, 57.591690) -> NULL
 Bucket 3: (30.191603, 38.559883) -> (95.620987, 12.295122) -> (29.588837, 39.586430) -> (55.025345, 35.792591) -> NULL
 Bucket 4: (91.844955, 76.605339) -> (7.107443, 17.600916) -> (97.308662, 15.800887) -> (86.707565, 16.582924) -> (5.414288, 0.577883) -> NULL
 Bucket 5: (57.077354, 49.217590) -> (61.972679, 49.038990) -> (97.365608, 96.664528) -> NULL
 Bucket 6: (41.764744, 1.370801) -> NULL
 Bucket 7: (64.081360, 71.919846) -> (68.021889, 45.585556) -> (52.056622, 29.058855) -> (3.875205, 26.472103) -> (39.144058, 22.000044) -> (52.371574, 64.635017) -> NULL
 Bucket 8: (58.421398, 5.973094) -> NULL
 Bucket 9: (98.113617, 30.267719) -> (81.828522, 31.319687) -> (15.532830, 48.339622) -> (19.247089, 30.040243) -> (83.102554, 30.560362) -> (4.422353, 40.196411) -> NULL
 Bucket 10: (55.936577, 63.808613) -> (31.346014, 93.163559) -> (71.358589, 78.876099) -> (60.451729, 45.666836) -> (6.978686, 8.692498) -> NULL
 Bucket 11: (60.373074, 83.051285) -> (89.855400, 45.161263) -> (99.948326, 60.992504) -> (73.702530, 37.453388) -> (60.833389, 22.419180) -> (58.326115, 83.366455) -> NULL
 Bucket 12: (49.511703, 86.799858) -> (29.962852, 11.133986) -> (11.069354, 48.447060) -> NULL
 Bucket 13: (0.241051, 96.018410) -> (0.049278, 62.286346) -> (67.578934, 53.441727) -> (25.030283, 84.884415) -> (16.845194, 94.204483) -> NULL
 Bucket 14: (14.251145, 79.029236) -> (72.032883, 12.604983) -> (47.342262, 32.457432) -> (18.260565, 61.883415) -> (35.494453, 23.574490) -> NULL
 Bucket 15: (85.904297, 22.009045) -> NULL
 Bucket 16: (47.388779, 90.944305) -> (87.602364, 84.535988) -> (87.669060, 32.304375) -> NULL
 Bucket 17: (0.227929, 29.486397) -> (74.521599, 90.165993) -> (15.262548, 88.073509) -> (41.889641, 23.015816) -> (15.964983, 35.713051) -> NULL
 Bucket 18: (53.766811, 86.535439) -> (90.529259, 72.755463) -> NULL
 Bucket 19: (7.384963, 67.950172) -> (88.950264, 93.199661) -> (86.932495, 15.484818) -> NULL
 Bucket 20: (34.513199, 67.688057) -> (7.541388, 62.679089) -> (55.532837, 47.703728) -> NULL
 Bucket 21: (86.268654, 45.965542) -> (76.558723, 12.477660) -> (19.935020, 71.838692) -> (89.092484, 11.691098) -> NULL
 Bucket 22: (49.926167, 71.128494) -> (65.847916, 43.535118) -> NULL
 Bucket 23: (77.446198, 27.445137) -> (55.034172, 4.038810) -> (26.551155, 86.356117) -> NULL
 Bucket 24: (33.869068, 61.682869) -> (7.875659, 55.780899) -> (21.953518, 1.412873) -> NULL
----------------------------------------------------------------
Hash table 15:
 Bucket 0: (49.926167, 71.128494) -> (36.392334, 84.367775) -> (87.602364, 84.535988) -> (85.890114, 43.516846) -> (88.950264, 93.199661) -> NULL
 Bucket 1: (14.251145, 79.029236) -> (98.113617, 30.267719) -> (22.517841, 86.498535) -> (92.739754, 36.248459) -> (97.308662, 15.800887) -> (39.144058, 22.000044) -> (52.371574, 64.635017) -> (86.932495, 15.484818) -> NULL
 Bucket 2: (9.706349, 80.186005) -> (63.830845, 36.868919) -> NULL
 Bucket 3: (68.021889, 45.585556) -> NULL
 Bucket 4: (86.268654, 45.965542) -> (30.191603, 38.559883) -> (99.948326, 60.992504) -> (15.262548, 88.073509) -> (29.588837, 39.586430) -> (87.669060, 32.304375) -> (35.494453, 23.574490) -> NULL
 Bucket 5: (47.342262, 32.457432) -> (29.962852, 11.133986) -> (40.090981, 25.646126) -> (55.532837, 47.703728) -> (89.092484, 11.691098) -> NULL
 Bucket 6: (91.844955, 76.605339) -> (33.869068, 61.682869) -> (58.421398, 5.973094) -> (15.532830, 48.339622) -> (18.260565, 61.883415) -> NULL
 Bucket 7: NULL
 Bucket 8: (85.904297, 22.009045) -> (7.875659, 55.780899) -> NULL
 Bucket 9: (52.035011, 15.147263) -> (86.594078, 93.674728) -> (64.081360, 71.919846) -> (31.346014, 93.163559) -> (0.227929, 29.486397) -> (71.358589, 78.876099) -> (52.056622, 29.058855) -> (65.847916, 43.535118) -> (64.799461, 57.591690) -> (26.551155, 86.356117) -> NULL
 Bucket 10: (89.855400, 45.161263) -> (49.511703, 86.799858) -> (19.935020, 71.838692) -> NULL
 Bucket 11: (81.828522, 31.319687) -> (73.702530, 37.453388) -> (19.247089, 30.040243) -> (16.845194, 94.204483) -> (41.889641, 23.015816) -> (86.707565, 16.582924) -> (83.102554, 30.560362) -> (21.953518, 1.412873) -> NULL
 Bucket 12: (83.073837, 3.885343) -> NULL
 Bucket 13: (34.513199, 67.688057) -> (74.521599, 90.165993) -> (31.323614, 82.930931) -> (97.365608, 96.664528) -> NULL
 Bucket 14: (47.388779, 90.944305) -> (77.446198, 27.445137) -> NULL
 Bucket 15: (57.077354, 49.217590) -> (55.936577, 63.808613) -> (76.558723, 12.477660) -> (61.972679, 49.038990) -> (7.541388, 62.679089) -> NULL
 Bucket 16: (57.150345, 71.470085) -> (55.025345, 35.792591) -> NULL
 Bucket 17: (29.631952, 99.053207) -> (60.833389, 22.419180) -> (15.964983, 35.713051) -> (5.414288, 0.577883) -> (30.044783, 99.553429) -> NULL
 Bucket 18: (25.171295, 22.399702) -> (53.766811, 86.535439) -> (6.978686, 8.692498) -> (99.209175, 65.704575) -> (90.529259, 72.755463) -> NULL
 Bucket 19: (41.764744, 1.370801) -> NULL
 Bucket 20: (67.578934, 53.441727) -> (60.451729, 45.666836) -> (9.583115, 58.513596) -> NULL
 Bucket 21: (0.241051, 96.018410) -> (7.107443, 17.600916) -> (78.102432, 53.358341) -> (55.034172, 4.038810) -> NULL
 Bucket 22: (60.373074, 83.051285) -> (0.049278, 62.286346) -> (72.032883, 12.604983) -> (58.326115, 83.366455) -> (44.935444, 54.912041) -> NULL
 Bucket 23: (95.620987, 12.295122) -> (7.384963, 67.950172) -> (11.069354, 48.447060) -> (4.422353, 40.196411) -> (47.284935, 48.905449) -> NULL
 Bucket 24: (25.030283, 84.884415) -> (3.875205, 26.472103) -> NULL
----------------------------------------------------------------
Hash table 16:
 Bucket 0: (33.869068, 61.682869) -> (95.620987, 12.295122) -> (73.702530, 37.453388) -> (88.950264, 93.199661) -> NULL
 Bucket 1: (34.513199, 67.688057) -> (31.346014, 93.163559) -> (68.021889, 45.585556) -> (15.532830, 48.339622) -> (3.875205, 26.472103) -> (99.209175, 65.704575) -> (64.799461, 57.591690) -> NULL
 Bucket 2: (86.594078, 93.674728) -> (53.766811, 86.535439) -> (97.308662, 15.800887) -> (86.707565, 16.582924) -> (52.371574, 64.635017) -> NULL
 Bucket 3: (89.855400, 45.161263) -> (19.935020, 71.838692) -> (72.032883, 12.604983) -> (71.358589, 78.876099) -> (7.107443, 17.600916) -> (40.090981, 25.646126) -> (87.669060, 32.304375) -> NULL
 Bucket 4: (9.706349, 80.186005) -> (15.262548, 88.073509) -> (29.962852, 11.133986) -> (39.144058, 22.000044) -> (90.529259, 72.755463) -> NULL
 Bucket 5: (0.241051, 96.018410) -> (30.191603, 38.559883) -> (63.830845, 36.868919) -> (16.845194, 94.204483) -> (29.588837, 39.586430) -> NULL
 Bucket 6: (98.113617, 30.267719) -> (49.511703, 86.799858) -> (47.388779, 90.944305) -> (67.578934, 53.441727) -> (60.833389, 22.419180) -> (65.847916, 43.535118) -> (97.365608, 96.664528) -> NULL
 Bucket 7: (36.392334, 84.367775) -> (22.517841, 86.498535) -> (19.247089, 30.040243) -> (52.056622, 29.058855) -> (86.932495, 15.484818) -> NULL
 Bucket 8: (85.904297, 22.009045) -> (41.764744, 1.370801) -> (87.602364, 84.535988) -> (85.890114, 43.516846) -> (41.889641, 23.015816) -> (9.583115, 58.513596) -> (55.025345, 35.792591) -> NULL
 Bucket 9: (55.936577, 63.808613) -> (92.739754, 36.248459) -> (26.551155, 86.356117) -> NULL
 Bucket 10: (91.844955, 76.605339) -> (76.558723, 12.477660) -> (35.494453, 23.574490) -> NULL
 Bucket 11: (44.935444, 54.912041) -> NULL
 Bucket 12: (52.035011, 15.147263) -> NULL
 Bucket 13: (25.171295, 22.399702) -> NULL
 Bucket 14: (60.373074, 83.051285) -> (57.077354, 49.217590) -> (61.972679, 49.038990) -> (57.150345, 71.470085) -> (58.421398, 5.973094) -> (25.030283, 84.884415) -> (6.978686, 8.692498) -> (58.326115, 83.366455) -> NULL
 Bucket 15: (29.631952, 99.053207) -> (14.251145, 79.029236) -> (60.451729, 45.666836) -> (11.069354, 48.447060) -> (15.964983, 35.713051) -> (30.044783, 99.553429) -> NULL
 Bucket 16: (77.446198, 27.445137) -> (49.926167, 71.128494) -> NULL
 Bucket 17: (0.049278, 62.286346) -> (21.953518, 1.412873) -> NULL
 Bucket 18: (5.414288, 0.577883) -> NULL
 Bucket 19: (74.521599, 90.165993) -> (55.532837, 47.703728) -> (55.034172, 4.038810) -> (89.092484, 11.691098) -> NULL
 Bucket 20: (47.342262, 32.457432) -> NULL
 Bucket 21: (64.081360, 71.919846) -> (0.227929, 29.486397) -> (31.323614, 82.930931) -> (83.073837, 3.885343) -> (18.260565, 61.883415) -> (47.284935, 48.905449) -> NULL
 Bucket 22: (81.828522, 31.319687) -> (99.948326, 60.992504) -> (7.384963, 67.950172) -> (83.102554, 30.560362) -> (7.875659, 55.780899) -> NULL
 Bucket 23: (86.268654, 45.965542) -> (7.541388, 62.679089) -> (4.422353, 40.196411) -> NULL
 Bucket 24: (78.102432, 53.358341) -> NULL
----------------------------------------------------------------
Hash table 17:
 Bucket 0: (49.511703, 86.799858) -> (85.904297, 22.009045) -> (86.707565, 16.582924) -> NULL
 Bucket 1: (7.107443, 17.600916) -> (55.025345, 35.792591) -> NULL
 Bucket 2: (57.077354, 49.217590) -> (61.972679, 49.038990) -> (41.764744, 1.370801) -> (31.323614, 82.930931) -> (15.964983, 35.713051) -> (64.799461, 57.591690) -> (44.935444, 54.912041) -> NULL
 Bucket 3: (0.241051, 96.018410) -> (91.844955, 76.605339) -> (90.529259, 72.755463) -> (9.583115, 58.513596) -> NULL
 Bucket 4: (68.021889, 45.585556) -> (22.517841, 86.498535) -> (89.092484, 11.691098) -> NULL
 Bucket 5: (98.113617, 30.267719) -> (29.962852, 11.133986) -> (6.978686, 8.692498) -> (21.953518, 1.412873) -> NULL
 Bucket 6: (89.855400, 45.161263) -> (34.513199, 67.688057) -> (47.388779, 90.944305) -> (19.247089, 30.040243) -> (7.541388, 62.679089) -> (65.847916, 43.535118) -> NULL
 Bucket 7: (52.035011, 15.147263) -> (55.936577, 63.808613) -> (64.081360, 71.919846) -> (72.032883, 12.604983) -> (67.578934, 53.441727) -> NULL
 Bucket 8: (19.935020, 71.838692) -> (33.869068, 61.682869) -> (85.890114, 43.516846) -> (40.090981, 25.646126) -> NULL
 Bucket 9: (97.308662, 15.800887) -> (11.069354, 48.447060) -> (78.102432, 53.358341) -> (99.209175, 65.704575) -> (47.284935, 48.905449) -> (26.551155, 86.356117) -> NULL
 Bucket 10: (29.631952, 99.053207) -> (57.150345, 71.470085) -> (47.342262, 32.457432) -> (41.889641, 23.015816) -> (18.260565, 61.883415) -> (30.044783, 99.553429) -> NULL
 Bucket 11: (30.191603, 38.559883) -> (31.346014, 93.163559) -> (0.227929, 29.486397) -> (58.421398, 5.973094) -> (87.602364, 84.535988) -> (25.030283, 84.884415) -> (29.588837, 39.586430) -> (86.932495, 15.484818) -> NULL
 Bucket 12: (0.049278, 62.286346) -> (16.845194, 94.204483) -> (52.056622, 29.058855) -> NULL
 Bucket 13: (9.706349, 80.186005) -> (36.392334, 84.367775) -> (74.521599, 90.165993) -> (55.532837, 47.703728) -> NULL
 Bucket 14: (99.948326, 60.992504) -> (15.262548, 88.073509) -> (15.532830, 48.339622) -> NULL
 Bucket 15: (71.358589, 78.876099) -> (49.926167, 71.128494) -> (73.702530, 37.453388) -> (60.451729, 45.666836) -> (35.494453, 23.574490) -> NULL
 Bucket 16: (52.371574, 64.635017) -> NULL
 Bucket 17: (60.373074, 83.051285) -> (63.830845, 36.868919) -> (58.326115, 83.366455) -> (7.875659, 55.780899) -> NULL
 Bucket 18: (14.251145, 79.029236) -> (86.594078, 93.674728) -> (5.414288, 0.577883) -> NULL
 Bucket 19: NULL
 Bucket 20: (86.268654, 45.965542) -> (76.558723, 12.477660) -> NULL
 Bucket 21: (81.828522, 31.319687) -> (77.446198, 27.445137) -> (83.102554, 30.560362) -> (39.144058, 22.000044) -> NULL
 Bucket 22: (3.875205, 26.472103) -> (55.034172, 4.038810) -> (88.950264, 93.199661) -> (97.365608, 96.664528) -> NULL
 Bucket 23: (95.620987, 12.295122) -> (60.833389, 22.419180) -> (4.422353, 40.196411) -> NULL
 Bucket 24: (25.171295, 22.399702) -> (53.766811, 86.535439) -> (92.739754, 36.248459) -> (7.384963, 67.950172) -> (87.669060, 32.304375) -> (83.073837, 3.885343) -> NULL
----------------------------------------------------------------
Hash table 18:
 Bucket 0: (60.373074, 83.051285) -> (52.035011, 15.147263) -> (91.844955, 76.605339) -> (9.706349, 80.186005) -> (15.262548, 88.073509) -> (97.308662, 15.800887) -> (19.247089, 30.040243) -> (60.833389, 22.419180) -> (58.326115, 83.366455) -> NULL
 Bucket 1: (64.081360, 71.919846) -> (49.926167, 71.128494) -> (99.209175, 65.704575) -> NULL
 Bucket 2: (71.358589, 78.876099) -> (99.948326, 60.992504) -> (36.392334, 84.367775) -> (60.451729, 45.666836) -> (41.889641, 23.015816) -> (64.799461, 57.591690) -> (47.284935, 48.905449) -> (21.953518, 1.412873) -> NULL
 Bucket 3: (65.847916, 43.535118) -> NULL
 Bucket 4: (33.869068, 61.682869) -> (78.102432, 53.358341) -> NULL
 Bucket 5: (30.191603, 38.559883) -> (29.588837, 39.586430) -> NULL
 Bucket 6: (81.828522, 31.319687) -> (74.521599, 90.165993) -> (83.102554, 30.560362) -> (39.144058, 22.000044) -> (18.260565, 61.883415) -> (35.494453, 23.574490) -> (26.551155, 86.356117) -> NULL
 Bucket 7: (0.227929, 29.486397) -> (15.532830, 48.339622) -> (86.707565, 16.582924) -> (4.422353, 40.196411) -> (97.365608, 96.664528) -> (55.025345, 35.792591) -> NULL
 Bucket 8: (7.107443, 17.600916) -> (87.602364, 84.535988) -> (16.845194, 94.204483) -> NULL
 Bucket 9: (25.171295, 22.399702) -> (31.346014, 93.163559) -> (95.620987, 12.295122) -> (73.702530, 37.453388) -> (22.517841, 86.498535) -> NULL
 Bucket 10: (19.935020, 71.838692) -> (77.446198, 27.445137) -> (47.342262, 32.457432) -> (29.962852, 11.133986) -> (25.030283, 84.884415) -> (7.541388, 62.679089) -> (11.069354, 48.447060) -> NULL
 Bucket 11: (31.323614, 82.930931) -> (92.739754, 36.248459) -> (3.875205, 26.472103) -> (83.073837, 3.885343) -> (86.932495, 15.484818) -> NULL
 Bucket 12: (34.513199, 67.688057) -> (49.511703, 86.799858) -> (67.578934, 53.441727) -> NULL
 Bucket 13: (58.421398, 5.973094) -> (90.529259, 72.755463) -> (44.935444, 54.912041) -> NULL
 Bucket 14: (86.268654, 45.965542) -> (76.558723, 12.477660) -> NULL
 Bucket 15: (0.241051, 96.018410) -> (86.594078, 93.674728) -> (47.388779, 90.944305) -> (52.056622, 29.058855) -> (87.669060, 32.304375) -> NULL
 Bucket 16: (15.964983, 35.713051) -> (89.092484, 11.691098) -> NULL
 Bucket 17: (0.049278, 62.286346) -> (5.414288, 0.577883) -> (55.034172, 4.038810) -> (52.371574, 64.635017) -> NULL
 Bucket 18: (29.631952, 99.053207) -> (89.855400, 45.161263) -> (55.936577, 63.808613) -> (9.583115, 58.513596) -> (7.875659, 55.780899) -> (30.044783, 99.553429) -> NULL
 Bucket 19: (57.077354, 49.217590) -> (85.904297, 22.009045) -> (61.972679, 49.038990) -> (72.032883, 12.604983) -> NULL
 Bucket 20: (63.830845, 36.868919) -> (53.766811, 86.535439) -> (88.950264, 93.199661) -> NULL
 Bucket 21: (6.978686, 8.692498) -> (7.384963, 67.950172) -> NULL
 Bucket 22: (14.251145, 79.029236) -> (57.150345, 71.470085) -> (85.890114, 43.516846) -> NULL
 Bucket 23: (40.090981, 25.646126) -> (55.532837, 47.703728) -> NULL
 Bucket 24: (98.113617, 30.267719) -> (68.021889, 45.585556) -> (41.764744, 1.370801) -> NULL
----------------------------------------------------------------
Hash table 19:
 Bucket 0: (52.035011, 15.147263) -> (0.049278, 62.286346) -> (86.594078, 93.674728) -> (64.081360, 71.919846) -> (92.739754, 36.248459) -> (97.308662, 15.800887) -> (90.529259, 72.755463) -> NULL
 Bucket 1: (31.346014, 93.163559) -> (67.578934, 53.441727) -> (15.262548, 88.073509) -> NULL
 Bucket 2: (55.936577, 63.808613) -> (64.799461, 57.591690) -> (47.284935, 48.905449) -> NULL
 Bucket 3: (85.890114, 43.516846) -> (39.144058, 22.000044) -> (78.102432, 53.358341) -> (89.092484, 11.691098) -> (21.953518, 1.412873) -> NULL
 Bucket 4: (57.077354, 49.217590) -> (61.972679, 49.038990) -> (65.847916, 43.535118) -> (9.583115, 58.513596) -> NULL
 Bucket 5: (89.855400, 45.161263) -> (44.935444, 54.912041) -> (26.551155, 86.356117) -> NULL
 Bucket 6: (49.511703, 86.799858) -> (68.021889, 45.585556) -> (49.926167, 71.128494) -> (22.517841, 86.498535) -> (83.073837, 3.885343) -> NULL
 Bucket 7: (91.844955, 76.605339) -> (31.323614, 82.930931) -> (53.766811, 86.535439) -> (55.034172, 4.038810) -> (88.950264, 93.199661) -> (55.025345, 35.792591) -> NULL
 Bucket 8: (19.935020, 71.838692) -> (18.260565, 61.883415) -> NULL
 Bucket 9: (60.373074, 83.051285) -> (34.513199, 67.688057) -> (58.421398, 5.973094) -> (58.326115, 83.366455) -> NULL
 Bucket 10: (14.251145, 79.029236) -> (85.904297, 22.009045) -> (72.032883, 12.604983) -> (71.358589, 78.876099) -> (77.446198, 27.445137) -> (29.962852, 11.133986) -> (15.532830, 48.339622) -> NULL
 Bucket 11: (63.830845, 36.868919) -> (87.602364, 84.535988) -> (60.833389, 22.419180) -> (3.875205, 26.472103) -> NULL
 Bucket 12: (41.764744, 1.370801) -> (36.392334, 84.367775) -> (47.342262, 32.457432) -> NULL
 Bucket 13: (0.241051, 96.018410) -> (76.558723, 12.477660) -> (0.227929, 29.486397) -> (6.978686, 8.692498) -> NULL
 Bucket 14: (41.889641, 23.015816) -> (52.056622, 29.058855) -> (99.209175, 65.704575) -> (52.371574, 64.635017) -> NULL
 Bucket 15: NULL
 Bucket 16: (86.268654, 45.965542) -> (33.869068, 61.682869) -> (60.451729, 45.666836) -> (40.090981, 25.646126) -> NULL
 Bucket 17: (81.828522, 31.319687) -> (7.541388, 62.679089) -> (83.102554, 30.560362) -> (86.932495, 15.484818) -> NULL
 Bucket 18: (29.631952, 99.053207) -> (87.669060, 32.304375) -> (5.414288, 0.577883) -> (55.532837, 47.703728) -> (30.044783, 99.553429) -> NULL
 Bucket 19: (25.171295, 22.399702) -> (73.702530, 37.453388) -> (74.521599, 90.165993) -> (25.030283, 84.884415) -> (16.845194, 94.204483) -> (86.707565, 16.582924) -> NULL
 Bucket 20: (9.706349, 80.186005) -> (95.620987, 12.295122) -> (7.107443, 17.600916) -> (7.384963, 67.950172) -> (11.069354, 48.447060) -> NULL
 Bucket 21: (30.191603, 38.559883) -> (47.388779, 90.944305) -> (29.588837, 39.586430) -> NULL
 Bucket 22: (57.150345, 71.470085) -> (99.948326, 60.992504) -> NULL
 Bucket 23: (98.113617, 30.267719) -> (35.494453, 23.574490) -> (97.365608, 96.664528) -> NULL
 Bucket 24: (19.247089, 30.040243) -> (15.964983, 35.713051) -> (4.422353, 40.196411) -> (7.875659, 55.780899) -> NULL
----------------------------------------------------------------
knn distance: 84.475479, hashtable: 0
knn distance: 0.091672, hashtable: 0
knn distance: 86.164742, hashtable: 0
knn distance: 32.676182, hashtable: 0
knn distance: 81.444672, hashtable: 0
knn distance: 25.290285, hashtable: 0
knn distance: 36.114594, hashtable: 1
knn distance: 0.091672, hashtable: 1
knn distance: 25.939333, hashtable: 1
knn distance: 55.022167, hashtable: 2
knn distance: 46.452732, hashtable: 2
knn distance: 0.091672, hashtable: 2
knn distance: 74.894218, hashtable: 2
knn distance: 12.507577, hashtable: 2
knn distance: 64.195503, hashtable: 3
knn distance: 48.009552, hashtable: 3
knn distance: 0.091672, hashtable: 3
knn distance: 25.290285, hashtable: 3
knn distance: 31.725128, hashtable: 3
knn distance: 18.075352, hashtable: 4
knn distance: 0.091672, hashtable: 4
knn distance: 0.091672, hashtable: 5
knn distance: 28.038063, hashtable: 5
knn distance: 73.123680, hashtable: 5
knn distance: 61.044117, hashtable: 6
knn distance: 13.524436, hashtable: 6
knn distance: 22.948097, hashtable: 6
knn distance: 83.440575, hashtable: 6
knn distance: 0.091672, hashtable: 6
knn distance: 70.267822, hashtable: 6
knn distance: 21.491209, hashtable: 7
knn distance: 22.498060, hashtable: 7
knn distance: 0.091672, hashtable: 7
knn distance: 11.350569, hashtable: 7
knn distance: 70.267822, hashtable: 7
knn distance: 49.799404, hashtable: 7
knn distance: 78.886147, hashtable: 7
knn distance: 73.123680, hashtable: 7
knn distance: 29.286198, hashtable: 8
knn distance: 55.827400, hashtable: 8
knn distance: 84.475479, hashtable: 8
knn distance: 24.462662, hashtable: 8
knn distance: 86.711945, hashtable: 8
knn distance: 0.091672, hashtable: 8
knn distance: 56.347237, hashtable: 8
knn distance: 91.127220, hashtable: 8
knn distance: 40.039089, hashtable: 9
knn distance: 82.844925, hashtable: 9
knn distance: 25.440720, hashtable: 9
knn distance: 0.091672, hashtable: 9
knn distance: 25.939333, hashtable: 9
knn distance: 38.892536, hashtable: 9
knn distance: 73.123680, hashtable: 9
knn distance: 45.279861, hashtable: 10
knn distance: 0.091672, hashtable: 10
knn distance: 70.267822, hashtable: 10
knn distance: 49.799404, hashtable: 10
knn distance: 22.948097, hashtable: 11
knn distance: 40.011700, hashtable: 11
knn distance: 0.091672, hashtable: 11
knn distance: 50.181011, hashtable: 12
knn distance: 20.756813, hashtable: 12
knn distance: 0.091672, hashtable: 12
knn distance: 100.391823, hashtable: 13
knn distance: 18.098196, hashtable: 13
knn distance: 41.075550, hashtable: 13
knn distance: 0.091672, hashtable: 13
knn distance: 29.635248, hashtable: 13
knn distance: 84.475479, hashtable: 14
knn distance: 64.119362, hashtable: 14
knn distance: 22.948097, hashtable: 14
knn distance: 0.091672, hashtable: 14
knn distance: 76.508209, hashtable: 14
knn distance: 12.507577, hashtable: 14
knn distance: 38.892536, hashtable: 14
knn distance: 45.279861, hashtable: 15
knn distance: 64.119362, hashtable: 15
knn distance: 41.075550, hashtable: 15
knn distance: 0.091672, hashtable: 15
knn distance: 49.799404, hashtable: 15
knn distance: 21.491209, hashtable: 16
knn distance: 60.942379, hashtable: 16
knn distance: 41.075550, hashtable: 16
knn distance: 0.091672, hashtable: 16
knn distance: 48.453293, hashtable: 16
knn distance: 77.681541, hashtable: 16
knn distance: 31.725128, hashtable: 16
knn distance: 71.702698, hashtable: 17
knn distance: 55.022167, hashtable: 17
knn distance: 0.091672, hashtable: 17
knn distance: 49.072144, hashtable: 17
knn distance: 79.884705, hashtable: 18
knn distance: 40.039089, hashtable: 18
knn distance: 0.091672, hashtable: 18
knn distance: 0.091672, hashtable: 19
knn distance: 51.371445, hashtable: 19
knn distance: 12.507577, hashtable: 19
knn distance: 31.978848, hashtable: 19
knn distance: 76.470261, hashtable: 19
TRUE NEIGHBORS
50 - 0.091672, 98 - 2.509687, 93 - 4.382469, 
knn distance: 2.837945, hashtable: 0
knn distance: 31.622673, hashtable: 0
knn distance: 55.973557, hashtable: 1
knn distance: 2.837945, hashtable: 1
knn distance: 41.539864, hashtable: 1
knn distance: 18.400003, hashtable: 1
knn distance: 62.435684, hashtable: 2
knn distance: 50.842720, hashtable: 2
knn distance: 0.091026, hashtable: 2
knn distance: 38.083401, hashtable: 2
knn distance: 2.837945, hashtable: 2
knn distance: 69.642990, hashtable: 2
knn distance: 60.839718, hashtable: 3
knn distance: 55.973557, hashtable: 3
knn distance: 2.837945, hashtable: 3
knn distance: 57.328350, hashtable: 4
knn distance: 31.970043, hashtable: 4
knn distance: 56.611946, hashtable: 4
knn distance: 2.837945, hashtable: 4
knn distance: 35.922287, hashtable: 5
knn distance: 2.837945, hashtable: 5
knn distance: 26.479744, hashtable: 5
knn distance: 52.919212, hashtable: 6
knn distance: 62.435684, hashtable: 6
knn distance: 45.278248, hashtable: 6
knn distance: 31.970043, hashtable: 6
knn distance: 52.422157, hashtable: 6
knn distance: 2.837945, hashtable: 6
knn distance: 42.739578, hashtable: 6
knn distance: 26.479744, hashtable: 6
knn distance: 2.837945, hashtable: 7
knn distance: 34.607727, hashtable: 8
knn distance: 2.837945, hashtable: 8
knn distance: 41.143711, hashtable: 8
knn distance: 26.479744, hashtable: 8
knn distance: 18.400003, hashtable: 8
knn distance: 57.328350, hashtable: 9
knn distance: 63.212727, hashtable: 9
knn distance: 52.422157, hashtable: 9
knn distance: 38.083401, hashtable: 9
knn distance: 2.837945, hashtable: 9
knn distance: 31.622673, hashtable: 9
knn distance: 6.331662, hashtable: 9
knn distance: 30.344021, hashtable: 10
knn distance: 32.938824, hashtable: 10
knn distance: 2.837945, hashtable: 10
knn distance: 47.949379, hashtable: 10
knn distance: 41.539864, hashtable: 10
knn distance: 48.625820, hashtable: 10
knn distance: 48.809700, hashtable: 11
knn distance: 66.361626, hashtable: 11
knn distance: 2.837945, hashtable: 11
knn distance: 45.453548, hashtable: 11
knn distance: 77.020462, hashtable: 12
knn distance: 43.187794, hashtable: 12
knn distance: 2.837945, hashtable: 12
knn distance: 31.622673, hashtable: 12
knn distance: 69.642990, hashtable: 12
knn distance: 77.450706, hashtable: 12
knn distance: 50.048752, hashtable: 13
knn distance: 53.755096, hashtable: 13
knn distance: 45.363735, hashtable: 13
knn distance: 39.898937, hashtable: 13
knn distance: 2.837945, hashtable: 13
knn distance: 29.323828, hashtable: 13
knn distance: 53.755096, hashtable: 14
knn distance: 34.607727, hashtable: 14
knn distance: 11.912516, hashtable: 14
knn distance: 38.083401, hashtable: 14
knn distance: 2.837945, hashtable: 14
knn distance: 42.956173, hashtable: 14
knn distance: 62.435684, hashtable: 15
knn distance: 56.780663, hashtable: 15
knn distance: 66.361626, hashtable: 15
knn distance: 52.634403, hashtable: 15
knn distance: 55.973557, hashtable: 15
knn distance: 2.837945, hashtable: 15
knn distance: 42.956173, hashtable: 15
knn distance: 45.753910, hashtable: 15
knn distance: 65.576225, hashtable: 16
knn distance: 70.276581, hashtable: 16
knn distance: 16.760679, hashtable: 16
knn distance: 2.837945, hashtable: 16
knn distance: 69.642990, hashtable: 16
knn distance: 40.883980, hashtable: 17
knn distance: 35.922287, hashtable: 17
knn distance: 41.988808, hashtable: 17
knn distance: 2.837945, hashtable: 17
knn distance: 40.883980, hashtable: 18
knn distance: 74.712608, hashtable: 18
knn distance: 41.988808, hashtable: 18
knn distance: 2.837945, hashtable: 18
knn distance: 45.453548, hashtable: 18
knn distance: 6.331662, hashtable: 18
knn distance: 65.165367, hashtable: 18
knn distance: 48.630024, hashtable: 19
knn distance: 2.837945, hashtable: 19
knn distance: 47.323311, hashtable: 19
knn distance: 48.625820, hashtable: 19
knn distance: 29.323828, hashtable: 19
TRUE NEIGHBORS
37 - 0.091026, 26 - 2.837945, 43 - 3.150036, 
make[1]: Entering directory '/home/marialtr/project-2'
Cleaning up...
rm -f objectFiles/*.o search
make[1]: Leaving directory '/home/marialtr/project-2'
